2026-04-21 08:44:45 - bank_app - INFO - ==================================================
2026-04-21 08:44:45 - bank_app - INFO - 银行账户管理系统启动
2026-04-21 08:44:45 - bank_app - INFO - ==================================================
2026-04-21 08:44:45 - bank_app - INFO - 银行 演示银行 账户管理系统
2026-04-21 08:44:45 - bank_app - INFO - ==================================================
2026-04-21 08:44:45 - bank_app - INFO - 访问地址: http://localhost:8000
2026-04-21 08:44:45 - bank_app - INFO - API文档: http://localhost:8000/docs
2026-04-21 08:44:45 - bank_app - INFO - 默认账号: admin / admin123
2026-04-21 08:44:45 - bank_app - INFO - ==================================================
2026-04-21 08:45:02 - bank_user - INFO - [admin] 登录成功 [IP: 127.0.0.1] - User-Agent: Mozilla/5.0 (Windows NT 10.0; Win64; x64) AppleWeb
2026-04-21 08:45:02 - bank_app - INFO - 用户登录: admin from 127.0.0.1
2026-04-21 08:48:02 - bank_app - INFO - ==================================================
2026-04-21 08:48:02 - bank_app - INFO - 银行账户管理系统启动
2026-04-21 08:48:02 - bank_app - INFO - ==================================================
2026-04-21 08:48:03 - bank_app - INFO - 银行 演示银行 账户管理系统
2026-04-21 08:48:03 - bank_app - INFO - ==================================================
2026-04-21 08:48:03 - bank_app - INFO - 访问地址: http://localhost:8000
2026-04-21 08:48:03 - bank_app - INFO - API文档: http://localhost:8000/docs
2026-04-21 08:48:03 - bank_app - INFO - 默认账号: admin / admin123
2026-04-21 08:48:03 - bank_app - INFO - ==================================================
2026-04-21 08:55:50 - bank_app - INFO - ==================================================
2026-04-21 08:55:50 - bank_app - INFO - 银行账户管理系统启动
2026-04-21 08:55:50 - bank_app - INFO - ==================================================
2026-04-21 08:55:51 - bank_app - INFO - 银行 演示银行 账户管理系统
2026-04-21 08:55:51 - bank_app - INFO - ==================================================
2026-04-21 08:55:51 - bank_app - INFO - 访问地址: http://localhost:8000
2026-04-21 08:55:51 - bank_app - INFO - API文档: http://localhost:8000/docs
2026-04-21 08:55:51 - bank_app - INFO - 默认账号: admin / admin123
2026-04-21 08:55:51 - bank_app - INFO - ==================================================
2026-04-21 08:57:40 - bank_app - INFO - ==================================================
2026-04-21 08:57:40 - bank_app - INFO - 银行账户管理系统启动
2026-04-21 08:57:40 - bank_app - INFO - ==================================================
2026-04-21 08:57:41 - bank_app - INFO - 银行 演示银行 账户管理系统
2026-04-21 08:57:41 - bank_app - INFO - ==================================================
2026-04-21 08:57:41 - bank_app - INFO - 访问地址: http://localhost:8000
2026-04-21 08:57:41 - bank_app - INFO - API文档: http://localhost:8000/docs
2026-04-21 08:57:41 - bank_app - INFO - 默认账号: admin / admin123
2026-04-21 08:57:41 - bank_app - INFO - ==================================================
2026-04-21 09:02:37 - bank_app - INFO - ==================================================
2026-04-21 09:02:37 - bank_app - INFO - 银行账户管理系统启动
2026-04-21 09:02:37 - bank_app - INFO - ==================================================
2026-04-21 09:02:37 - bank_app - INFO - 银行 演示银行 账户管理系统
2026-04-21 09:02:37 - bank_app - INFO - ==================================================
2026-04-21 09:02:37 - bank_app - INFO - 访问地址: http://localhost:8000
2026-04-21 09:02:37 - bank_app - INFO - API文档: http://localhost:8000/docs
2026-04-21 09:02:37 - bank_app - INFO - 默认账号: admin / admin123
2026-04-21 09:02:37 - bank_app - INFO - ==================================================
2026-04-21 09:59:26 - bank_app - INFO - ==================================================
2026-04-21 09:59:26 - bank_app - INFO - 银行账户管理系统启动
2026-04-21 09:59:26 - bank_app - INFO - ==================================================
2026-04-21 09:59:27 - bank_app - INFO - 银行 演示银行 账户管理系统
2026-04-21 09:59:27 - bank_app - INFO - ==================================================
2026-04-21 09:59:27 - bank_app - INFO - 访问地址: http://localhost:8000
2026-04-21 09:59:27 - bank_app - INFO - API文档: http://localhost:8000/docs
2026-04-21 09:59:27 - bank_app - INFO - 默认账号: admin / admin123
2026-04-21 09:59:27 - bank_app - INFO - ==================================================
2026-04-21 09:59:33 - bank_user - INFO - [admin] 登录成功 [IP: 127.0.0.1] - User-Agent: Mozilla/5.0 (Windows NT 10.0; Win64; x64) AppleWeb
2026-04-21 09:59:33 - bank_app - INFO - 用户登录: admin from 127.0.0.1
2026-04-21 10:03:54 - bank_app - INFO - ==================================================
2026-04-21 10:03:54 - bank_app - INFO - 银行账户管理系统启动
2026-04-21 10:03:54 - bank_app - INFO - ==================================================
2026-04-21 10:03:55 - bank_app - INFO - 银行 演示银行 账户管理系统
2026-04-21 10:03:55 - bank_app - INFO - ==================================================
2026-04-21 10:03:55 - bank_app - INFO - 访问地址: http://localhost:8000
2026-04-21 10:03:55 - bank_app - INFO - API文档: http://localhost:8000/docs
2026-04-21 10:03:55 - bank_app - INFO - 默认账号: admin / admin123
2026-04-21 10:03:55 - bank_app - INFO - ==================================================
2026-04-21 10:04:04 - bank_transaction - INFO - [6228245199391350] 存款: ¥1.00, 余额: ¥300809.00, 结果: 成功
2026-04-21 10:04:04 - bank_user - INFO - [admin] 存款 [IP: 127.0.0.1] - 账户: 6228245199391350, 金额: ¥1.0
2026-04-21 10:35:13 - bank_app - INFO - ==================================================
2026-04-21 10:35:13 - bank_app - INFO - 银行账户管理系统启动
2026-04-21 10:35:13 - bank_app - INFO - ==================================================
2026-04-21 10:35:14 - bank_app - INFO - 银行 演示银行 账户管理系统
2026-04-21 10:35:14 - bank_app - INFO - ==================================================
2026-04-21 10:35:14 - bank_app - INFO - 访问地址: http://localhost:8000
2026-04-21 10:35:14 - bank_app - INFO - API文档: http://localhost:8000/docs
2026-04-21 10:35:14 - bank_app - INFO - 默认账号: admin / admin123
2026-04-21 10:35:14 - bank_app - INFO - ==================================================
2026-04-21 11:06:06 - bank_app - INFO - ==================================================
2026-04-21 11:06:06 - bank_app - INFO - 银行账户管理系统启动
2026-04-21 11:06:06 - bank_app - INFO - ==================================================
2026-04-21 11:06:07 - bank_app - INFO - 银行 演示银行 账户管理系统
2026-04-21 11:06:07 - bank_app - INFO - ==================================================
2026-04-21 11:06:07 - bank_app - INFO - 访问地址: http://localhost:8000
2026-04-21 11:06:07 - bank_app - INFO - API文档: http://localhost:8000/docs
2026-04-21 11:06:07 - bank_app - INFO - 默认账号: admin / admin123
2026-04-21 11:06:07 - bank_app - INFO - ==================================================
2026-04-21 11:06:14 - bank_user - INFO - [admin] 登录成功 [IP: 127.0.0.1] - User-Agent: Mozilla/5.0 (Windows NT 10.0; Win64; x64) AppleWeb
2026-04-21 11:06:14 - bank_app - INFO - 用户登录: admin from 127.0.0.1
2026-04-21 11:20:01 - bank_app - INFO - ==================================================
2026-04-21 11:20:01 - bank_app - INFO - 银行账户管理系统启动
2026-04-21 11:20:01 - bank_app - INFO - ==================================================
2026-04-21 11:20:01 - bank_app - INFO - 银行 演示银行 账户管理系统
2026-04-21 11:20:01 - bank_app - INFO - ==================================================
2026-04-21 11:20:01 - bank_app - INFO - 访问地址: http://localhost:8000
2026-04-21 11:20:01 - bank_app - INFO - API文档: http://localhost:8000/docs
2026-04-21 11:20:01 - bank_app - INFO - 默认账号: admin / admin123
2026-04-21 11:20:01 - bank_app - INFO - ==================================================
2026-04-21 11:55:31 - bank_app - INFO - ==================================================
2026-04-21 11:55:31 - bank_app - INFO - 银行账户管理系统启动
2026-04-21 11:55:31 - bank_app - INFO - ==================================================
2026-04-21 11:55:31 - bank_app - INFO - 银行 演示银行 账户管理系统
2026-04-21 11:55:31 - bank_app - INFO - ==================================================
2026-04-21 11:55:31 - bank_app - INFO - 访问地址: http://localhost:8000
2026-04-21 11:55:31 - bank_app - INFO - API文档: http://localhost:8000/docs
2026-04-21 11:55:31 - bank_app - INFO - 默认账号: admin / admin123
2026-04-21 11:55:31 - bank_app - INFO - ==================================================
2026-04-21 12:14:11 - bank_app - INFO - ==================================================
2026-04-21 12:14:11 - bank_app - INFO - 银行账户管理系统启动
2026-04-21 12:14:11 - bank_app - INFO - ==================================================
2026-04-21 12:14:12 - bank_app - INFO - 银行 演示银行 账户管理系统
2026-04-21 12:14:12 - bank_app - INFO - ==================================================
2026-04-21 12:14:12 - bank_app - INFO - 访问地址: http://localhost:8000
2026-04-21 12:14:12 - bank_app - INFO - API文档: http://localhost:8000/docs
2026-04-21 12:14:12 - bank_app - INFO - 默认账号: admin / admin123
2026-04-21 12:14:12 - bank_app - INFO - ==================================================
2026-04-21 12:16:28 - bank_app - INFO - ==================================================
2026-04-21 12:16:28 - bank_app - INFO - 银行账户管理系统启动
2026-04-21 12:16:28 - bank_app - INFO - ==================================================
2026-04-21 12:16:29 - bank_app - INFO - 银行 演示银行 账户管理系统
2026-04-21 12:16:29 - bank_app - INFO - ==================================================
2026-04-21 12:16:29 - bank_app - INFO - 访问地址: http://localhost:8000
2026-04-21 12:16:29 - bank_app - INFO - API文档: http://localhost:8000/docs
2026-04-21 12:16:29 - bank_app - INFO - 默认账号: admin / admin123
2026-04-21 12:16:29 - bank_app - INFO - ==================================================
2026-04-21 12:16:57 - bank_app - INFO - ==================================================
2026-04-21 12:16:57 - bank_app - INFO - 银行账户管理系统启动
2026-04-21 12:16:57 - bank_app - INFO - ==================================================
2026-04-21 12:16:57 - bank_app - INFO - 银行 演示银行 账户管理系统
2026-04-21 12:16:57 - bank_app - INFO - ==================================================
2026-04-21 12:16:57 - bank_app - INFO - 访问地址: http://localhost:8000
2026-04-21 12:16:57 - bank_app - INFO - API文档: http://localhost:8000/docs
2026-04-21 12:16:57 - bank_app - INFO - 默认账号: admin / admin123
2026-04-21 12:16:57 - bank_app - INFO - ==================================================
2026-04-21 12:17:38 - bank_app - INFO - ==================================================
2026-04-21 12:17:38 - bank_app - INFO - 银行账户管理系统启动
2026-04-21 12:17:38 - bank_app - INFO - ==================================================
2026-04-21 12:17:38 - bank_app - INFO - 银行 演示银行 账户管理系统
2026-04-21 12:17:38 - bank_app - INFO - ==================================================
2026-04-21 12:17:38 - bank_app - INFO - 访问地址: http://localhost:8000
2026-04-21 12:17:38 - bank_app - INFO - API文档: http://localhost:8000/docs
2026-04-21 12:17:38 - bank_app - INFO - 默认账号: admin / admin123
2026-04-21 12:17:38 - bank_app - INFO - ==================================================
2026-04-21 12:17:54 - bank_user - INFO - [admin] 登录成功 [IP: 127.0.0.1] - User-Agent: Mozilla/5.0 (Windows NT 10.0; Win64; x64) AppleWeb
2026-04-21 12:17:54 - bank_app - INFO - 用户登录: admin from 127.0.0.1
2026-04-21 12:19:43 - bank_app - INFO - ==================================================
2026-04-21 12:19:43 - bank_app - INFO - 银行账户管理系统启动
2026-04-21 12:19:43 - bank_app - INFO - ==================================================
2026-04-21 12:19:43 - bank_app - INFO - 银行 演示银行 账户管理系统
2026-04-21 12:19:43 - bank_app - INFO - ==================================================
2026-04-21 12:19:43 - bank_app - INFO - 访问地址: http://localhost:8000
2026-04-21 12:19:43 - bank_app - INFO - API文档: http://localhost:8000/docs
2026-04-21 12:19:43 - bank_app - INFO - 默认账号: admin / admin123
2026-04-21 12:19:43 - bank_app - INFO - ==================================================
2026-04-21 12:20:45 - bank_app - INFO - ==================================================
2026-04-21 12:20:45 - bank_app - INFO - 银行账户管理系统启动
2026-04-21 12:20:45 - bank_app - INFO - ==================================================
2026-04-21 12:20:46 - bank_app - INFO - 银行 演示银行 账户管理系统
2026-04-21 12:20:46 - bank_app - INFO - ==================================================
2026-04-21 12:20:46 - bank_app - INFO - 访问地址: http://localhost:8000
2026-04-21 12:20:46 - bank_app - INFO - API文档: http://localhost:8000/docs
2026-04-21 12:20:46 - bank_app - INFO - 默认账号: admin / admin123
2026-04-21 12:20:46 - bank_app - INFO - ==================================================
2026-04-21 12:22:12 - bank_app - INFO - ==================================================
2026-04-21 12:22:12 - bank_app - INFO - 银行账户管理系统启动
2026-04-21 12:22:12 - bank_app - INFO - ==================================================
2026-04-21 12:22:13 - bank_app - INFO - 银行 演示银行 账户管理系统
2026-04-21 12:22:13 - bank_app - INFO - ==================================================
2026-04-21 12:22:13 - bank_app - INFO - 访问地址: http://localhost:8001
2026-04-21 12:22:13 - bank_app - INFO - API文档: http://localhost:8001/docs
2026-04-21 12:22:13 - bank_app - INFO - 默认账号: admin / admin123
2026-04-21 12:22:13 - bank_app - INFO - ==================================================
2026-04-21 12:22:24 - bank_app - INFO - ==================================================
2026-04-21 12:22:24 - bank_app - INFO - 银行账户管理系统启动
2026-04-21 12:22:24 - bank_app - INFO - ==================================================
2026-04-21 12:22:24 - bank_app - INFO - 银行 演示银行 账户管理系统
2026-04-21 12:22:24 - bank_app - INFO - ==================================================
2026-04-21 12:22:24 - bank_app - INFO - 访问地址: http://localhost:8001
2026-04-21 12:22:24 - bank_app - INFO - API文档: http://localhost:8001/docs
2026-04-21 12:22:24 - bank_app - INFO - 默认账号: admin / admin123
2026-04-21 12:22:24 - bank_app - INFO - ==================================================
2026-04-21 12:22:53 - bank_app - INFO - ==================================================
2026-04-21 12:22:53 - bank_app - INFO - 银行账户管理系统启动
2026-04-21 12:22:53 - bank_app - INFO - ==================================================
2026-04-21 12:22:54 - bank_app - INFO - 银行 演示银行 账户管理系统
2026-04-21 12:22:54 - bank_app - INFO - ==================================================
2026-04-21 12:22:54 - bank_app - INFO - 访问地址: http://localhost:8001
2026-04-21 12:22:54 - bank_app - INFO - API文档: http://localhost:8001/docs
2026-04-21 12:22:54 - bank_app - INFO - 默认账号: admin / admin123
2026-04-21 12:22:54 - bank_app - INFO - ==================================================
2026-04-21 12:25:27 - bank_app - INFO - ==================================================
2026-04-21 12:25:27 - bank_app - INFO - 银行账户管理系统启动
2026-04-21 12:25:27 - bank_app - INFO - ==================================================
2026-04-21 12:25:27 - bank_app - INFO - 银行 演示银行 账户管理系统
2026-04-21 12:25:27 - bank_app - INFO - ==================================================
2026-04-21 12:25:27 - bank_app - INFO - 访问地址: http://localhost:8001
2026-04-21 12:25:27 - bank_app - INFO - API文档: http://localhost:8001/docs
2026-04-21 12:25:27 - bank_app - INFO - 默认账号: admin / admin123
2026-04-21 12:25:27 - bank_app - INFO - ==================================================
2026-04-21 12:26:02 - bank_app - INFO - ==================================================
2026-04-21 12:26:02 - bank_app - INFO - 银行账户管理系统启动
2026-04-21 12:26:02 - bank_app - INFO - ==================================================
2026-04-21 12:26:02 - bank_app - INFO - 银行 演示银行 账户管理系统
2026-04-21 12:26:02 - bank_app - INFO - ==================================================
2026-04-21 12:26:02 - bank_app - INFO - 访问地址: http://localhost:8080
2026-04-21 12:26:02 - bank_app - INFO - API文档: http://localhost:8080/docs
2026-04-21 12:26:02 - bank_app - INFO - 默认账号: admin / admin123
2026-04-21 12:26:02 - bank_app - INFO - ==================================================
2026-04-21 12:33:30 - bank_app - INFO - ==================================================
2026-04-21 12:33:30 - bank_app - INFO - 银行账户管理系统启动
2026-04-21 12:33:30 - bank_app - INFO - ==================================================
2026-04-21 12:33:31 - bank_app - INFO - 银行 演示银行 账户管理系统
2026-04-21 12:33:31 - bank_app - INFO - ==================================================
2026-04-21 12:33:31 - bank_app - INFO - 访问地址: http://localhost:8080
2026-04-21 12:33:31 - bank_app - INFO - API文档: http://localhost:8080/docs
2026-04-21 12:33:31 - bank_app - INFO - 默认账号: admin / admin123
2026-04-21 12:33:31 - bank_app - INFO - ==================================================
2026-04-21 12:34:48 - bank_app - INFO - ==================================================
2026-04-21 12:34:48 - bank_app - INFO - 银行账户管理系统启动
2026-04-21 12:34:48 - bank_app - INFO - ==================================================
2026-04-21 12:34:48 - bank_app - INFO - 银行 演示银行 账户管理系统
2026-04-21 12:34:48 - bank_app - INFO - ==================================================
2026-04-21 12:34:48 - bank_app - INFO - 访问地址: http://localhost:8002
2026-04-21 12:34:48 - bank_app - INFO - API文档: http://localhost:8002/docs
2026-04-21 12:34:48 - bank_app - INFO - 默认账号: admin / admin123
2026-04-21 12:34:48 - bank_app - INFO - ==================================================
2026-04-21 12:36:14 - bank_app - INFO - ==================================================
2026-04-21 12:36:14 - bank_app - INFO - 银行账户管理系统启动
2026-04-21 12:36:14 - bank_app - INFO - ==================================================
2026-04-21 12:36:14 - bank_app - INFO - 银行 演示银行 账户管理系统
2026-04-21 12:36:14 - bank_app - INFO - ==================================================
2026-04-21 12:36:14 - bank_app - INFO - 访问地址: http://localhost:8003
2026-04-21 12:36:14 - bank_app - INFO - API文档: http://localhost:8003/docs
2026-04-21 12:36:14 - bank_app - INFO - 默认账号: admin / admin123
2026-04-21 12:36:14 - bank_app - INFO - ==================================================
2026-04-21 12:37:00 - bank_app - INFO - ==================================================
2026-04-21 12:37:00 - bank_app - INFO - 银行账户管理系统启动
2026-04-21 12:37:00 - bank_app - INFO - ==================================================
2026-04-21 12:37:00 - bank_app - INFO - 银行 演示银行 账户管理系统
2026-04-21 12:37:00 - bank_app - INFO - ==================================================
2026-04-21 12:37:00 - bank_app - INFO - 访问地址: http://localhost:8080
2026-04-21 12:37:00 - bank_app - INFO - API文档: http://localhost:8080/docs
2026-04-21 12:37:00 - bank_app - INFO - 默认账号: admin / admin123
2026-04-21 12:37:00 - bank_app - INFO - ==================================================
2026-04-21 12:41:56 - bank_app - INFO - ==================================================
2026-04-21 12:41:56 - bank_app - INFO - 银行账户管理系统启动
2026-04-21 12:41:56 - bank_app - INFO - ==================================================
2026-04-21 12:41:57 - bank_app - INFO - 银行 演示银行 账户管理系统
2026-04-21 12:41:57 - bank_app - INFO - ==================================================
2026-04-21 12:41:57 - bank_app - INFO - 访问地址: http://localhost:8080
2026-04-21 12:41:57 - bank_app - INFO - API文档: http://localhost:8080/docs
2026-04-21 12:41:57 - bank_app - INFO - 默认账号: admin / admin123
2026-04-21 12:41:57 - bank_app - INFO - ==================================================
2026-04-21 12:59:28 - bank_app - INFO - ==================================================
2026-04-21 12:59:28 - bank_app - INFO - 银行账户管理系统启动
2026-04-21 12:59:28 - bank_app - INFO - ==================================================
2026-04-21 12:59:28 - bank_app - INFO - 银行 演示银行 账户管理系统
2026-04-21 12:59:28 - bank_app - INFO - ==================================================
2026-04-21 12:59:28 - bank_app - INFO - 访问地址: http://localhost:8080
2026-04-21 12:59:28 - bank_app - INFO - API文档: http://localhost:8080/docs
2026-04-21 12:59:28 - bank_app - INFO - 默认账号: admin / admin123
2026-04-21 12:59:28 - bank_app - INFO - ==================================================
2026-04-21 13:01:36 - bank_app - INFO - ==================================================
2026-04-21 13:01:36 - bank_app - INFO - 银行账户管理系统启动
2026-04-21 13:01:36 - bank_app - INFO - ==================================================
2026-04-21 13:01:37 - bank_app - INFO - 银行 演示银行 账户管理系统
2026-04-21 13:01:37 - bank_app - INFO - ==================================================
2026-04-21 13:01:37 - bank_app - INFO - 访问地址: http://localhost:8080
2026-04-21 13:01:37 - bank_app - INFO - API文档: http://localhost:8080/docs
2026-04-21 13:01:37 - bank_app - INFO - 默认账号: admin / admin123
2026-04-21 13:01:37 - bank_app - INFO - ==================================================
2026-04-21 13:04:25 - bank_app - INFO - ==================================================
2026-04-21 13:04:25 - bank_app - INFO - 银行账户管理系统启动
2026-04-21 13:04:25 - bank_app - INFO - ==================================================
2026-04-21 13:04:26 - bank_app - INFO - 银行 演示银行 账户管理系统
2026-04-21 13:04:26 - bank_app - INFO - ==================================================
2026-04-21 13:04:26 - bank_app - INFO - 访问地址: http://localhost:8080
2026-04-21 13:04:26 - bank_app - INFO - API文档: http://localhost:8080/docs
2026-04-21 13:04:26 - bank_app - INFO - 默认账号: admin / admin123
2026-04-21 13:04:26 - bank_app - INFO - ==================================================
2026-04-21 13:09:16 - bank_app - INFO - ==================================================
2026-04-21 13:09:16 - bank_app - INFO - 银行账户管理系统启动
2026-04-21 13:09:16 - bank_app - INFO - ==================================================
2026-04-21 13:09:17 - bank_app - INFO - 银行 演示银行 账户管理系统
2026-04-21 13:09:17 - bank_app - INFO - ==================================================
2026-04-21 13:09:17 - bank_app - INFO - 访问地址: http://localhost:8080
2026-04-21 13:09:17 - bank_app - INFO - API文档: http://localhost:8080/docs
2026-04-21 13:09:17 - bank_app - INFO - 默认账号: admin / admin123
2026-04-21 13:09:17 - bank_app - INFO - ==================================================
2026-04-21 13:15:18 - bank_app - INFO - ==================================================
2026-04-21 13:15:18 - bank_app - INFO - 银行账户管理系统启动
2026-04-21 13:15:18 - bank_app - INFO - ==================================================
2026-04-21 13:15:18 - bank_app - INFO - 银行 演示银行 账户管理系统
2026-04-21 13:15:18 - bank_app - INFO - ==================================================
2026-04-21 13:15:18 - bank_app - INFO - 访问地址: http://localhost:8080
2026-04-21 13:15:18 - bank_app - INFO - API文档: http://localhost:8080/docs
2026-04-21 13:15:18 - bank_app - INFO - 默认账号: admin / admin123
2026-04-21 13:15:18 - bank_app - INFO - ==================================================
2026-04-21 13:17:55 - bank_app - INFO - ==================================================
2026-04-21 13:17:55 - bank_app - INFO - 银行账户管理系统启动
2026-04-21 13:17:55 - bank_app - INFO - ==================================================
2026-04-21 13:17:56 - bank_app - INFO - 银行 演示银行 账户管理系统
2026-04-21 13:17:56 - bank_app - INFO - ==================================================
2026-04-21 13:17:56 - bank_app - INFO - 访问地址: http://localhost:8080
2026-04-21 13:17:56 - bank_app - INFO - API文档: http://localhost:8080/docs
2026-04-21 13:17:56 - bank_app - INFO - 默认账号: admin / admin123
2026-04-21 13:17:56 - bank_app - INFO - ==================================================
2026-04-21 13:18:10 - bank_user - INFO - [admin] 登录成功 [IP: 127.0.0.1] - User-Agent: Mozilla/5.0 (Windows NT 10.0; Win64; x64) AppleWeb
2026-04-21 13:18:10 - bank_app - INFO - 用户登录: admin from 127.0.0.1
2026-04-21 13:21:19 - bank_app - INFO - ==================================================
2026-04-21 13:21:19 - bank_app - INFO - 银行账户管理系统启动
2026-04-21 13:21:19 - bank_app - INFO - ==================================================
2026-04-21 13:21:20 - bank_app - INFO - 银行 演示银行 账户管理系统
2026-04-21 13:21:20 - bank_app - INFO - ==================================================
2026-04-21 13:21:20 - bank_app - INFO - 访问地址: http://localhost:8080
2026-04-21 13:21:20 - bank_app - INFO - API文档: http://localhost:8080/docs
2026-04-21 13:21:20 - bank_app - INFO - 默认账号: admin / admin123
2026-04-21 13:21:20 - bank_app - INFO - ==================================================
2026-04-21 13:30:31 - bank_app - INFO - ==================================================
2026-04-21 13:30:31 - bank_app - INFO - 银行账户管理系统启动
2026-04-21 13:30:31 - bank_app - INFO - ==================================================
2026-04-21 13:30:31 - bank_app - INFO - 银行 演示银行 账户管理系统
2026-04-21 13:30:31 - bank_app - INFO - ==================================================
2026-04-21 13:30:31 - bank_app - INFO - 访问地址: http://localhost:8080
2026-04-21 13:30:31 - bank_app - INFO - API文档: http://localhost:8080/docs
2026-04-21 13:30:31 - bank_app - INFO - 默认账号: admin / admin123
2026-04-21 13:30:31 - bank_app - INFO - ==================================================
2026-04-21 13:34:30 - bank_app - INFO - ==================================================
2026-04-21 13:34:30 - bank_app - INFO - 银行账户管理系统启动
2026-04-21 13:34:30 - bank_app - INFO - ==================================================
2026-04-21 13:34:31 - bank_app - INFO - 银行 演示银行 账户管理系统
2026-04-21 13:34:31 - bank_app - INFO - ==================================================
2026-04-21 13:34:31 - bank_app - INFO - 访问地址: http://localhost:8080
2026-04-21 13:34:31 - bank_app - INFO - API文档: http://localhost:8080/docs
2026-04-21 13:34:31 - bank_app - INFO - 默认账号: admin / admin123
2026-04-21 13:34:31 - bank_app - INFO - ==================================================
2026-04-21 13:39:52 - bank_app - INFO - ==================================================
2026-04-21 13:39:52 - bank_app - INFO - 银行账户管理系统启动
2026-04-21 13:39:52 - bank_app - INFO - ==================================================
2026-04-21 13:39:53 - bank_app - INFO - 银行 演示银行 账户管理系统
2026-04-21 13:39:53 - bank_app - INFO - ==================================================
2026-04-21 13:39:53 - bank_app - INFO - 访问地址: http://localhost:8080
2026-04-21 13:39:53 - bank_app - INFO - API文档: http://localhost:8080/docs
2026-04-21 13:39:53 - bank_app - INFO - 默认账号: admin / admin123
2026-04-21 13:39:53 - bank_app - INFO - ==================================================
2026-04-21 13:40:37 - bank_app - INFO - ==================================================
2026-04-21 13:40:37 - bank_app - INFO - 银行账户管理系统启动
2026-04-21 13:40:37 - bank_app - INFO - ==================================================
2026-04-21 13:40:38 - bank_app - INFO - 银行 演示银行 账户管理系统
2026-04-21 13:40:38 - bank_app - INFO - ==================================================
2026-04-21 13:40:38 - bank_app - INFO - 访问地址: http://localhost:8005
2026-04-21 13:40:38 - bank_app - INFO - API文档: http://localhost:8005/docs
2026-04-21 13:40:38 - bank_app - INFO - 默认账号: admin / admin123
2026-04-21 13:40:38 - bank_app - INFO - ==================================================
2026-04-21 13:40:52 - bank_app - INFO - ==================================================
2026-04-21 13:40:52 - bank_app - INFO - 银行账户管理系统启动
2026-04-21 13:40:52 - bank_app - INFO - ==================================================
2026-04-21 13:40:53 - bank_app - INFO - 银行 演示银行 账户管理系统
2026-04-21 13:40:53 - bank_app - INFO - ==================================================
2026-04-21 13:40:53 - bank_app - INFO - 访问地址: http://localhost:8005
2026-04-21 13:40:53 - bank_app - INFO - API文档: http://localhost:8005/docs
2026-04-21 13:40:53 - bank_app - INFO - 默认账号: admin / admin123
2026-04-21 13:40:53 - bank_app - INFO - ==================================================
2026-04-21 13:41:06 - bank_app - INFO - ==================================================
2026-04-21 13:41:06 - bank_app - INFO - 银行账户管理系统启动
2026-04-21 13:41:06 - bank_app - INFO - ==================================================
2026-04-21 13:41:07 - bank_app - INFO - 银行 演示银行 账户管理系统
2026-04-21 13:41:07 - bank_app - INFO - ==================================================
2026-04-21 13:41:07 - bank_app - INFO - 访问地址: http://localhost:8005
2026-04-21 13:41:07 - bank_app - INFO - API文档: http://localhost:8005/docs
2026-04-21 13:41:07 - bank_app - INFO - 默认账号: admin / admin123
2026-04-21 13:41:07 - bank_app - INFO - ==================================================
2026-04-21 13:42:29 - bank_app - INFO - ==================================================
2026-04-21 13:42:29 - bank_app - INFO - 银行账户管理系统启动
2026-04-21 13:42:29 - bank_app - INFO - ==================================================
2026-04-21 13:42:30 - bank_app - INFO - 银行 演示银行 账户管理系统
2026-04-21 13:42:30 - bank_app - INFO - ==================================================
2026-04-21 13:42:30 - bank_app - INFO - 访问地址: http://localhost:8080
2026-04-21 13:42:30 - bank_app - INFO - API文档: http://localhost:8080/docs
2026-04-21 13:42:30 - bank_app - INFO - 默认账号: admin / admin123
2026-04-21 13:42:30 - bank_app - INFO - ==================================================
2026-04-21 13:44:49 - bank_app - INFO - ==================================================
2026-04-21 13:44:49 - bank_app - INFO - 银行账户管理系统启动
2026-04-21 13:44:49 - bank_app - INFO - ==================================================
2026-04-21 13:44:50 - bank_app - INFO - 银行 演示银行 账户管理系统
2026-04-21 13:44:50 - bank_app - INFO - ==================================================
2026-04-21 13:44:50 - bank_app - INFO - 访问地址: http://localhost:8080
2026-04-21 13:44:50 - bank_app - INFO - API文档: http://localhost:8080/docs
2026-04-21 13:44:50 - bank_app - INFO - 默认账号: admin / admin123
2026-04-21 13:44:50 - bank_app - INFO - ==================================================
2026-04-21 13:45:37 - bank_app - INFO - ==================================================
2026-04-21 13:45:37 - bank_app - INFO - 银行账户管理系统启动
2026-04-21 13:45:37 - bank_app - INFO - ==================================================
2026-04-21 13:45:37 - bank_app - INFO - 银行 演示银行 账户管理系统
2026-04-21 13:45:37 - bank_app - INFO - ==================================================
2026-04-21 13:45:37 - bank_app - INFO - 访问地址: http://localhost:8080
2026-04-21 13:45:37 - bank_app - INFO - API文档: http://localhost:8080/docs
2026-04-21 13:45:37 - bank_app - INFO - 默认账号: admin / admin123
2026-04-21 13:45:37 - bank_app - INFO - ==================================================
2026-04-21 13:47:05 - bank_app - INFO - ==================================================
2026-04-21 13:47:05 - bank_app - INFO - 银行账户管理系统启动
2026-04-21 13:47:05 - bank_app - INFO - ==================================================
2026-04-21 13:47:06 - bank_app - INFO - 银行 演示银行 账户管理系统
2026-04-21 13:47:06 - bank_app - INFO - ==================================================
2026-04-21 13:47:06 - bank_app - INFO - 访问地址: http://localhost:8080
2026-04-21 13:47:06 - bank_app - INFO - API文档: http://localhost:8080/docs
2026-04-21 13:47:06 - bank_app - INFO - 默认账号: admin / admin123
2026-04-21 13:47:06 - bank_app - INFO - ==================================================
2026-04-21 13:50:20 - bank_app - INFO - ==================================================
2026-04-21 13:50:20 - bank_app - INFO - 银行账户管理系统启动
2026-04-21 13:50:20 - bank_app - INFO - ==================================================
2026-04-21 13:50:21 - bank_app - INFO - 银行 演示银行 账户管理系统
2026-04-21 13:50:21 - bank_app - INFO - ==================================================
2026-04-21 13:50:21 - bank_app - INFO - 访问地址: http://localhost:8080
2026-04-21 13:50:21 - bank_app - INFO - API文档: http://localhost:8080/docs
2026-04-21 13:50:21 - bank_app - INFO - 默认账号: admin / admin123
2026-04-21 13:50:21 - bank_app - INFO - ==================================================
2026-04-21 13:53:29 - bank_app - INFO - ==================================================
2026-04-21 13:53:29 - bank_app - INFO - 银行账户管理系统启动
2026-04-21 13:53:29 - bank_app - INFO - ==================================================
2026-04-21 13:53:29 - bank_app - INFO - 银行 演示银行 账户管理系统
2026-04-21 13:53:29 - bank_app - INFO - ==================================================
2026-04-21 13:53:29 - bank_app - INFO - 访问地址: http://localhost:8080
2026-04-21 13:53:29 - bank_app - INFO - API文档: http://localhost:8080/docs
2026-04-21 13:53:29 - bank_app - INFO - 默认账号: admin / admin123
2026-04-21 13:53:29 - bank_app - INFO - ==================================================
2026-04-21 13:53:47 - bank_app - INFO - ==================================================
2026-04-21 13:53:47 - bank_app - INFO - 银行账户管理系统启动
2026-04-21 13:53:47 - bank_app - INFO - ==================================================
2026-04-21 13:53:48 - bank_app - INFO - 银行 演示银行 账户管理系统
2026-04-21 13:53:48 - bank_app - INFO - ==================================================
2026-04-21 13:53:48 - bank_app - INFO - 访问地址: http://localhost:8080
2026-04-21 13:53:48 - bank_app - INFO - API文档: http://localhost:8080/docs
2026-04-21 13:53:48 - bank_app - INFO - 默认账号: admin / admin123
2026-04-21 13:53:48 - bank_app - INFO - ==================================================
2026-04-21 13:53:59 - bank_app - INFO - ==================================================
2026-04-21 13:53:59 - bank_app - INFO - 银行账户管理系统启动
2026-04-21 13:53:59 - bank_app - INFO - ==================================================
2026-04-21 13:54:00 - bank_app - INFO - 银行 演示银行 账户管理系统
2026-04-21 13:54:00 - bank_app - INFO - ==================================================
2026-04-21 13:54:00 - bank_app - INFO - 访问地址: http://localhost:8080
2026-04-21 13:54:00 - bank_app - INFO - API文档: http://localhost:8080/docs
2026-04-21 13:54:00 - bank_app - INFO - 默认账号: admin / admin123
2026-04-21 13:54:00 - bank_app - INFO - ==================================================
2026-04-21 13:54:53 - bank_app - INFO - ==================================================
2026-04-21 13:54:53 - bank_app - INFO - 银行账户管理系统启动
2026-04-21 13:54:53 - bank_app - INFO - ==================================================
2026-04-21 13:54:54 - bank_app - INFO - 银行 演示银行 账户管理系统
2026-04-21 13:54:54 - bank_app - INFO - ==================================================
2026-04-21 13:54:54 - bank_app - INFO - 访问地址: http://localhost:8080
2026-04-21 13:54:54 - bank_app - INFO - API文档: http://localhost:8080/docs
2026-04-21 13:54:54 - bank_app - INFO - 默认账号: admin / admin123
2026-04-21 13:54:54 - bank_app - INFO - ==================================================
2026-04-21 14:02:30 - bank_app - INFO - ==================================================
2026-04-21 14:02:30 - bank_app - INFO - 银行账户管理系统启动
2026-04-21 14:02:30 - bank_app - INFO - ==================================================
2026-04-21 14:02:31 - bank_app - INFO - 银行 演示银行 账户管理系统
2026-04-21 14:02:31 - bank_app - INFO - ==================================================
2026-04-21 14:02:31 - bank_app - INFO - 访问地址: http://localhost:8080
2026-04-21 14:02:31 - bank_app - INFO - API文档: http://localhost:8080/docs
2026-04-21 14:02:31 - bank_app - INFO - 默认账号: admin / admin123
2026-04-21 14:02:31 - bank_app - INFO - ==================================================
2026-04-21 14:22:43 - bank_app - INFO - ==================================================
2026-04-21 14:22:43 - bank_app - INFO - 银行账户管理系统启动
2026-04-21 14:22:43 - bank_app - INFO - ==================================================
2026-04-21 14:22:43 - bank_app - INFO - 银行 演示银行 账户管理系统
2026-04-21 14:22:43 - bank_app - INFO - ==================================================
2026-04-21 14:22:43 - bank_app - INFO - 访问地址: http://localhost:8080
2026-04-21 14:22:43 - bank_app - INFO - API文档: http://localhost:8080/docs
2026-04-21 14:22:43 - bank_app - INFO - 默认账号: admin / admin123
2026-04-21 14:22:43 - bank_app - INFO - ==================================================
2026-04-21 14:22:49 - bank_user - INFO - [admin] 登录成功 [IP: 127.0.0.1] - User-Agent: Mozilla/5.0 (Windows NT 10.0; Win64; x64) AppleWeb
2026-04-21 14:22:49 - bank_app - INFO - 用户登录: admin from 127.0.0.1
2026-04-21 15:16:07 - bank_app - INFO - ==================================================
2026-04-21 15:16:07 - bank_app - INFO - 银行账户管理系统启动
2026-04-21 15:16:07 - bank_app - INFO - ==================================================
2026-04-21 15:16:08 - bank_app - INFO - 银行 演示银行 账户管理系统
2026-04-21 15:16:08 - bank_app - INFO - ==================================================
2026-04-21 15:16:08 - bank_app - INFO - 访问地址: http://localhost:8080
2026-04-21 15:16:08 - bank_app - INFO - API文档: http://localhost:8080/docs
2026-04-21 15:16:08 - bank_app - INFO - 默认账号: admin / admin123
2026-04-21 15:16:08 - bank_app - INFO - ==================================================
2026-04-21 19:01:42 - bank_app - INFO - ==================================================
2026-04-21 19:01:42 - bank_app - INFO - 银行账户管理系统启动
2026-04-21 19:01:42 - bank_app - INFO - ==================================================
2026-04-21 19:01:42 - bank_app - INFO - 银行 演示银行 账户管理系统
2026-04-21 19:01:42 - bank_app - INFO - ==================================================
2026-04-21 19:01:42 - bank_app - INFO - 访问地址: http://localhost:8080
2026-04-21 19:01:42 - bank_app - INFO - API文档: http://localhost:8080/docs
2026-04-21 19:01:42 - bank_app - INFO - 默认账号: admin / admin123
2026-04-21 19:01:42 - bank_app - INFO - ==================================================
2026-04-21 19:01:55 - bank_user - INFO - [admin] 登录成功 [IP: 127.0.0.1] - User-Agent: Mozilla/5.0 (Windows NT 10.0; Win64; x64) AppleWeb
2026-04-21 19:01:55 - bank_app - INFO - 用户登录: admin from 127.0.0.1
2026-04-21 19:02:07 - bank_app - INFO - ==================================================
2026-04-21 19:02:07 - bank_app - INFO - 银行账户管理系统启动
2026-04-21 19:02:07 - bank_app - INFO - ==================================================
2026-04-21 19:02:08 - bank_app - INFO - 银行 演示银行 账户管理系统
2026-04-21 19:02:08 - bank_app - INFO - ==================================================
2026-04-21 19:02:08 - bank_app - INFO - 访问地址: http://localhost:8080
2026-04-21 19:02:08 - bank_app - INFO - API文档: http://localhost:8080/docs
2026-04-21 19:02:08 - bank_app - INFO - 默认账号: admin / admin123
2026-04-21 19:02:08 - bank_app - INFO - ==================================================
2026-04-21 19:09:17 - bank_app - INFO - ==================================================
2026-04-21 19:09:17 - bank_app - INFO - 银行账户管理系统启动
2026-04-21 19:09:17 - bank_app - INFO - ==================================================
2026-04-21 19:09:18 - bank_app - INFO - 银行 演示银行 账户管理系统
2026-04-21 19:09:18 - bank_app - INFO - ==================================================
2026-04-21 19:09:18 - bank_app - INFO - 访问地址: http://localhost:8080
2026-04-21 19:09:18 - bank_app - INFO - API文档: http://localhost:8080/docs
2026-04-21 19:09:18 - bank_app - INFO - 默认账号: admin / admin123
2026-04-21 19:09:18 - bank_app - INFO - ==================================================
2026-04-21 19:09:39 - bank_user - INFO - [admin] 退出登录 [IP: 127.0.0.1] - 
2026-04-21 19:09:41 - bank_user - INFO - [admin] 登录成功 [IP: 127.0.0.1] - User-Agent: Mozilla/5.0 (Windows NT 10.0; Win64; x64) AppleWeb
2026-04-21 19:09:41 - bank_app - INFO - 用户登录: admin from 127.0.0.1
2026-04-21 19:11:47 - bank_app - INFO - ==================================================
2026-04-21 19:11:47 - bank_app - INFO - 银行账户管理系统启动
2026-04-21 19:11:47 - bank_app - INFO - ==================================================
2026-04-21 19:11:47 - bank_app - INFO - 银行 演示银行 账户管理系统
2026-04-21 19:11:47 - bank_app - INFO - ==================================================
2026-04-21 19:11:47 - bank_app - INFO - 访问地址: http://localhost:8080
2026-04-21 19:11:47 - bank_app - INFO - API文档: http://localhost:8080/docs
2026-04-21 19:11:47 - bank_app - INFO - 默认账号: admin / admin123
2026-04-21 19:11:47 - bank_app - INFO - ==================================================
2026-04-21 19:13:11 - bank_app - INFO - ==================================================
2026-04-21 19:13:11 - bank_app - INFO - 银行账户管理系统启动
2026-04-21 19:13:11 - bank_app - INFO - ==================================================
2026-04-21 19:13:11 - bank_app - INFO - 银行 演示银行 账户管理系统
2026-04-21 19:13:11 - bank_app - INFO - ==================================================
2026-04-21 19:13:11 - bank_app - INFO - 访问地址: http://localhost:8080
2026-04-21 19:13:11 - bank_app - INFO - API文档: http://localhost:8080/docs
2026-04-21 19:13:11 - bank_app - INFO - 默认账号: admin / admin123
2026-04-21 19:13:11 - bank_app - INFO - ==================================================
2026-04-21 19:13:53 - bank_app - INFO - ==================================================
2026-04-21 19:13:53 - bank_app - INFO - 银行账户管理系统启动
2026-04-21 19:13:53 - bank_app - INFO - ==================================================
2026-04-21 19:13:53 - bank_app - INFO - 银行 演示银行 账户管理系统
2026-04-21 19:13:53 - bank_app - INFO - ==================================================
2026-04-21 19:13:53 - bank_app - INFO - 访问地址: http://localhost:8080
2026-04-21 19:13:53 - bank_app - INFO - API文档: http://localhost:8080/docs
2026-04-21 19:13:53 - bank_app - INFO - 默认账号: admin / admin123
2026-04-21 19:13:53 - bank_app - INFO - ==================================================
2026-04-21 19:15:09 - bank_app - INFO - ==================================================
2026-04-21 19:15:09 - bank_app - INFO - 银行账户管理系统启动
2026-04-21 19:15:09 - bank_app - INFO - ==================================================
2026-04-21 19:15:10 - bank_app - INFO - 银行 演示银行 账户管理系统
2026-04-21 19:15:10 - bank_app - INFO - ==================================================
2026-04-21 19:15:10 - bank_app - INFO - 访问地址: http://localhost:8080
2026-04-21 19:15:10 - bank_app - INFO - API文档: http://localhost:8080/docs
2026-04-21 19:15:10 - bank_app - INFO - 默认账号: admin / admin123
2026-04-21 19:15:10 - bank_app - INFO - ==================================================
2026-04-21 19:17:54 - bank_app - INFO - ==================================================
2026-04-21 19:17:54 - bank_app - INFO - 银行账户管理系统启动
2026-04-21 19:17:54 - bank_app - INFO - ==================================================
2026-04-21 19:17:55 - bank_app - INFO - 银行 演示银行 账户管理系统
2026-04-21 19:17:55 - bank_app - INFO - ==================================================
2026-04-21 19:17:55 - bank_app - INFO - 访问地址: http://localhost:8080
2026-04-21 19:17:55 - bank_app - INFO - API文档: http://localhost:8080/docs
2026-04-21 19:17:55 - bank_app - INFO - 默认账号: admin / admin123
2026-04-21 19:17:55 - bank_app - INFO - ==================================================
2026-04-21 19:20:15 - bank_app - INFO - ==================================================
2026-04-21 19:20:15 - bank_app - INFO - 银行账户管理系统启动
2026-04-21 19:20:15 - bank_app - INFO - ==================================================
2026-04-21 19:20:17 - bank_app - INFO - 银行 演示银行 账户管理系统
2026-04-21 19:20:17 - bank_app - INFO - ==================================================
2026-04-21 19:20:17 - bank_app - INFO - 访问地址: http://localhost:8080
2026-04-21 19:20:17 - bank_app - INFO - API文档: http://localhost:8080/docs
2026-04-21 19:20:17 - bank_app - INFO - 默认账号: admin / admin123
2026-04-21 19:20:17 - bank_app - INFO - ==================================================
2026-04-21 19:34:14 - bank_app - INFO - ==================================================
2026-04-21 19:34:14 - bank_app - INFO - 银行账户管理系统启动
2026-04-21 19:34:14 - bank_app - INFO - ==================================================
2026-04-21 19:34:14 - bank_app - INFO - 银行 演示银行 账户管理系统
2026-04-21 19:34:14 - bank_app - INFO - ==================================================
2026-04-21 19:34:14 - bank_app - INFO - 访问地址: http://localhost:8080
2026-04-21 19:34:14 - bank_app - INFO - API文档: http://localhost:8080/docs
2026-04-21 19:34:14 - bank_app - INFO - 默认账号: admin / admin123
2026-04-21 19:34:14 - bank_app - INFO - ==================================================
2026-04-21 19:34:32 - bank_user - INFO - [admin] 退出登录 [IP: 127.0.0.1] - 
2026-04-21 19:34:50 - bank_user - INFO - [lisi] 登录成功 [IP: 127.0.0.1] - User-Agent: Mozilla/5.0 (Windows NT 10.0; Win64; x64) AppleWeb
2026-04-21 19:34:50 - bank_app - INFO - 用户登录: lisi from 127.0.0.1
2026-04-21 21:57:00 - bank_app - INFO - ==================================================
2026-04-21 21:57:00 - bank_app - INFO - 银行账户管理系统启动
2026-04-21 21:57:00 - bank_app - INFO - ==================================================
2026-04-21 21:57:01 - bank_app - INFO - 银行 演示银行 账户管理系统
2026-04-21 21:57:01 - bank_app - INFO - ==================================================
2026-04-21 21:57:01 - bank_app - INFO - 访问地址: http://localhost:8080
2026-04-21 21:57:01 - bank_app - INFO - API文档: http://localhost:8080/docs
2026-04-21 21:57:01 - bank_app - INFO - 默认账号: admin / admin123
2026-04-21 21:57:01 - bank_app - INFO - ==================================================
