2026-04-20 12:18:43 - bank_app - INFO - ==================================================
2026-04-20 12:18:43 - bank_app - INFO - 银行账户管理系统启动
2026-04-20 12:18:43 - bank_app - INFO - ==================================================
2026-04-20 12:18:43 - bank_app - INFO - 银行 演示银行 账户管理系统
2026-04-20 12:18:43 - bank_app - INFO - ==================================================
2026-04-20 12:18:43 - bank_app - INFO - 访问地址: http://localhost:8000
2026-04-20 12:18:43 - bank_app - INFO - API文档: http://localhost:8000/docs
2026-04-20 12:18:43 - bank_app - INFO - 默认账号: admin / admin123
2026-04-20 12:18:43 - bank_app - INFO - ==================================================
2026-04-20 12:18:47 - bank_user - INFO - [yang] 登录成功 [IP: 127.0.0.1] - User-Agent: Mozilla/5.0 (Windows NT 10.0; Win64; x64) AppleWeb
2026-04-20 12:18:47 - bank_app - INFO - 用户登录: yang from 127.0.0.1
2026-04-20 12:26:45 - bank_app - INFO - ==================================================
2026-04-20 12:26:45 - bank_app - INFO - 银行账户管理系统启动
2026-04-20 12:26:45 - bank_app - INFO - ==================================================
2026-04-20 12:26:45 - bank_app - INFO - 银行 演示银行 账户管理系统
2026-04-20 12:26:45 - bank_app - INFO - ==================================================
2026-04-20 12:26:45 - bank_app - INFO - 访问地址: http://localhost:8000
2026-04-20 12:26:45 - bank_app - INFO - API文档: http://localhost:8000/docs
2026-04-20 12:26:45 - bank_app - INFO - 默认账号: admin / admin123
2026-04-20 12:26:45 - bank_app - INFO - ==================================================
2026-04-20 14:00:06 - bank_app - INFO - ==================================================
2026-04-20 14:00:06 - bank_app - INFO - 银行账户管理系统启动
2026-04-20 14:00:06 - bank_app - INFO - ==================================================
2026-04-20 14:00:07 - bank_app - INFO - 银行 演示银行 账户管理系统
2026-04-20 14:00:07 - bank_app - INFO - ==================================================
2026-04-20 14:00:07 - bank_app - INFO - 访问地址: http://localhost:8000
2026-04-20 14:00:07 - bank_app - INFO - API文档: http://localhost:8000/docs
2026-04-20 14:00:07 - bank_app - INFO - 默认账号: admin / admin123
2026-04-20 14:00:07 - bank_app - INFO - ==================================================
2026-04-20 14:00:11 - bank_user - INFO - [yang] 登录成功 [IP: 127.0.0.1] - User-Agent: Mozilla/5.0 (Windows NT 10.0; Win64; x64) AppleWeb
2026-04-20 14:00:11 - bank_app - INFO - 用户登录: yang from 127.0.0.1
2026-04-20 14:00:32 - bank_app - INFO - ==================================================
2026-04-20 14:00:32 - bank_app - INFO - 银行账户管理系统启动
2026-04-20 14:00:32 - bank_app - INFO - ==================================================
2026-04-20 14:00:32 - bank_app - INFO - 银行 演示银行 账户管理系统
2026-04-20 14:00:32 - bank_app - INFO - ==================================================
2026-04-20 14:00:32 - bank_app - INFO - 访问地址: http://localhost:8000
2026-04-20 14:00:32 - bank_app - INFO - API文档: http://localhost:8000/docs
2026-04-20 14:00:32 - bank_app - INFO - 默认账号: admin / admin123
2026-04-20 14:00:32 - bank_app - INFO - ==================================================
2026-04-20 14:03:36 - bank_app - INFO - ==================================================
2026-04-20 14:03:36 - bank_app - INFO - 银行账户管理系统启动
2026-04-20 14:03:36 - bank_app - INFO - ==================================================
2026-04-20 14:03:36 - bank_app - INFO - 银行 演示银行 账户管理系统
2026-04-20 14:03:36 - bank_app - INFO - ==================================================
2026-04-20 14:03:36 - bank_app - INFO - 访问地址: http://localhost:8000
2026-04-20 14:03:36 - bank_app - INFO - API文档: http://localhost:8000/docs
2026-04-20 14:03:36 - bank_app - INFO - 默认账号: admin / admin123
2026-04-20 14:03:36 - bank_app - INFO - ==================================================
2026-04-20 14:04:43 - bank_app - INFO - ==================================================
2026-04-20 14:04:43 - bank_app - INFO - 银行账户管理系统启动
2026-04-20 14:04:43 - bank_app - INFO - ==================================================
2026-04-20 14:04:44 - bank_app - INFO - 银行 演示银行 账户管理系统
2026-04-20 14:04:44 - bank_app - INFO - ==================================================
2026-04-20 14:04:44 - bank_app - INFO - 访问地址: http://localhost:8000
2026-04-20 14:04:44 - bank_app - INFO - API文档: http://localhost:8000/docs
2026-04-20 14:04:44 - bank_app - INFO - 默认账号: admin / admin123
2026-04-20 14:04:44 - bank_app - INFO - ==================================================
2026-04-20 14:06:35 - bank_app - INFO - ==================================================
2026-04-20 14:06:35 - bank_app - INFO - 银行账户管理系统启动
2026-04-20 14:06:35 - bank_app - INFO - ==================================================
2026-04-20 14:06:36 - bank_app - INFO - 银行 演示银行 账户管理系统
2026-04-20 14:06:36 - bank_app - INFO - ==================================================
2026-04-20 14:06:36 - bank_app - INFO - 访问地址: http://localhost:8000
2026-04-20 14:06:36 - bank_app - INFO - API文档: http://localhost:8000/docs
2026-04-20 14:06:36 - bank_app - INFO - 默认账号: admin / admin123
2026-04-20 14:06:36 - bank_app - INFO - ==================================================
2026-04-20 14:12:05 - bank_app - INFO - ==================================================
2026-04-20 14:12:05 - bank_app - INFO - 银行账户管理系统启动
2026-04-20 14:12:05 - bank_app - INFO - ==================================================
2026-04-20 14:12:06 - bank_app - INFO - 银行 演示银行 账户管理系统
2026-04-20 14:12:06 - bank_app - INFO - ==================================================
2026-04-20 14:12:06 - bank_app - INFO - 访问地址: http://localhost:8000
2026-04-20 14:12:06 - bank_app - INFO - API文档: http://localhost:8000/docs
2026-04-20 14:12:06 - bank_app - INFO - 默认账号: admin / admin123
2026-04-20 14:12:06 - bank_app - INFO - ==================================================
2026-04-20 14:12:19 - bank_transaction - INFO - [6228760044862837] 存款: ¥9999.00, 余额: ¥9999.00, 结果: 成功
2026-04-20 14:12:19 - bank_user - INFO - [yang] 存款 [IP: 127.0.0.1] - 账户: 6228760044862837, 金额: ¥9999.0
2026-04-20 14:14:51 - bank_app - INFO - ==================================================
2026-04-20 14:14:51 - bank_app - INFO - 银行账户管理系统启动
2026-04-20 14:14:51 - bank_app - INFO - ==================================================
2026-04-20 14:14:52 - bank_app - INFO - 银行 演示银行 账户管理系统
2026-04-20 14:14:52 - bank_app - INFO - ==================================================
2026-04-20 14:14:52 - bank_app - INFO - 访问地址: http://localhost:8000
2026-04-20 14:14:52 - bank_app - INFO - API文档: http://localhost:8000/docs
2026-04-20 14:14:52 - bank_app - INFO - 默认账号: admin / admin123
2026-04-20 14:14:52 - bank_app - INFO - ==================================================
2026-04-20 14:16:57 - bank_app - INFO - ==================================================
2026-04-20 14:16:57 - bank_app - INFO - 银行账户管理系统启动
2026-04-20 14:16:57 - bank_app - INFO - ==================================================
2026-04-20 14:16:57 - bank_app - INFO - 银行 演示银行 账户管理系统
2026-04-20 14:16:57 - bank_app - INFO - ==================================================
2026-04-20 14:16:57 - bank_app - INFO - 访问地址: http://localhost:8000
2026-04-20 14:16:57 - bank_app - INFO - API文档: http://localhost:8000/docs
2026-04-20 14:16:57 - bank_app - INFO - 默认账号: admin / admin123
2026-04-20 14:16:57 - bank_app - INFO - ==================================================
2026-04-20 14:22:23 - bank_app - INFO - ==================================================
2026-04-20 14:22:23 - bank_app - INFO - 银行账户管理系统启动
2026-04-20 14:22:23 - bank_app - INFO - ==================================================
2026-04-20 14:22:24 - bank_app - INFO - 银行 演示银行 账户管理系统
2026-04-20 14:22:24 - bank_app - INFO - ==================================================
2026-04-20 14:22:24 - bank_app - INFO - 访问地址: http://localhost:8000
2026-04-20 14:22:24 - bank_app - INFO - API文档: http://localhost:8000/docs
2026-04-20 14:22:24 - bank_app - INFO - 默认账号: admin / admin123
2026-04-20 14:22:24 - bank_app - INFO - ==================================================
2026-04-20 14:22:33 - bank_user - INFO - [yang] 退出登录 [IP: 127.0.0.1] - 
2026-04-20 14:23:23 - bank_user - INFO - [yang] 注册失败-用户名已存在 [IP: 127.0.0.1] - 
2026-04-20 14:23:27 - bank_user - INFO - [yang] 登录成功 [IP: 127.0.0.1] - User-Agent: Mozilla/5.0 (Windows NT 10.0; Win64; x64) AppleWeb
2026-04-20 14:23:27 - bank_app - INFO - 用户登录: yang from 127.0.0.1
2026-04-20 14:23:37 - bank_user - INFO - [yang] 退出登录 [IP: 127.0.0.1] - 
2026-04-20 14:24:06 - bank_user - INFO - [yang] 注册失败-用户名已存在 [IP: 127.0.0.1] - 
2026-04-20 14:24:09 - bank_user - INFO - [yang] 登录失败-密码错误 [IP: 127.0.0.1] - 
2026-04-20 14:24:12 - bank_user - INFO - [yang] 登录失败-密码错误 [IP: 127.0.0.1] - 
2026-04-20 14:24:17 - bank_user - INFO - [yang] 登录失败-密码错误 [IP: 127.0.0.1] - 
2026-04-20 14:24:25 - bank_user - INFO - [yang] 登录失败-密码错误 [IP: 127.0.0.1] - 
2026-04-20 14:25:40 - bank_user - INFO - [Tonghui] 注册成功 [IP: 127.0.0.1] - 邮箱: 
2026-04-20 14:25:40 - bank_app - INFO - 新用户注册: Tonghui
2026-04-20 14:25:44 - bank_user - INFO - [Tonghui] 登录成功 [IP: 127.0.0.1] - User-Agent: Mozilla/5.0 (Windows NT 10.0; Win64; x64) AppleWeb
2026-04-20 14:25:44 - bank_app - INFO - 用户登录: Tonghui from 127.0.0.1
2026-04-20 15:09:54 - bank_app - INFO - ==================================================
2026-04-20 15:09:54 - bank_app - INFO - 银行账户管理系统启动
2026-04-20 15:09:54 - bank_app - INFO - ==================================================
2026-04-20 15:09:54 - bank_app - INFO - 银行 演示银行 账户管理系统
2026-04-20 15:09:54 - bank_app - INFO - ==================================================
2026-04-20 15:09:54 - bank_app - INFO - 访问地址: http://localhost:8000
2026-04-20 15:09:54 - bank_app - INFO - API文档: http://localhost:8000/docs
2026-04-20 15:09:54 - bank_app - INFO - 默认账号: admin / admin123
2026-04-20 15:09:54 - bank_app - INFO - ==================================================
2026-04-20 15:10:50 - bank_transaction - INFO - [6228682981890759] 存款: ¥999999999.00, 余额: ¥999999999.00, 结果: 成功
2026-04-20 15:10:50 - bank_user - INFO - [Tonghui] 存款 [IP: 127.0.0.1] - 账户: 6228682981890759, 金额: ¥999999999.0
2026-04-20 15:12:56 - bank_app - INFO - ==================================================
2026-04-20 15:12:56 - bank_app - INFO - 银行账户管理系统启动
2026-04-20 15:12:56 - bank_app - INFO - ==================================================
2026-04-20 15:12:57 - bank_app - INFO - 银行 演示银行 账户管理系统
2026-04-20 15:12:57 - bank_app - INFO - ==================================================
2026-04-20 15:12:57 - bank_app - INFO - 访问地址: http://localhost:8000
2026-04-20 15:12:57 - bank_app - INFO - API文档: http://localhost:8000/docs
2026-04-20 15:12:57 - bank_app - INFO - 默认账号: admin / admin123
2026-04-20 15:12:57 - bank_app - INFO - ==================================================
2026-04-20 15:18:24 - bank_app - INFO - ==================================================
2026-04-20 15:18:24 - bank_app - INFO - 银行账户管理系统启动
2026-04-20 15:18:24 - bank_app - INFO - ==================================================
2026-04-20 15:18:24 - bank_app - INFO - 银行 演示银行 账户管理系统
2026-04-20 15:18:24 - bank_app - INFO - ==================================================
2026-04-20 15:18:24 - bank_app - INFO - 访问地址: http://localhost:8000
2026-04-20 15:18:24 - bank_app - INFO - API文档: http://localhost:8000/docs
2026-04-20 15:18:24 - bank_app - INFO - 默认账号: admin / admin123
2026-04-20 15:18:24 - bank_app - INFO - ==================================================
2026-04-20 15:18:38 - bank_transaction - INFO - [6228682981890759] 取款: ¥888888.00, 余额: ¥999111111.00, 结果: 成功
2026-04-20 15:18:38 - bank_user - INFO - [Tonghui] 取款 [IP: 127.0.0.1] - 账户: 6228682981890759, 金额: ¥888888.0
2026-04-20 15:20:29 - bank_app - INFO - ==================================================
2026-04-20 15:20:29 - bank_app - INFO - 银行账户管理系统启动
2026-04-20 15:20:29 - bank_app - INFO - ==================================================
2026-04-20 15:20:30 - bank_app - INFO - 银行 演示银行 账户管理系统
2026-04-20 15:20:30 - bank_app - INFO - ==================================================
2026-04-20 15:20:30 - bank_app - INFO - 访问地址: http://localhost:8000
2026-04-20 15:20:30 - bank_app - INFO - API文档: http://localhost:8000/docs
2026-04-20 15:20:30 - bank_app - INFO - 默认账号: admin / admin123
2026-04-20 15:20:30 - bank_app - INFO - ==================================================
2026-04-20 15:21:03 - bank_user - INFO - [Tonghui] 退出登录 [IP: 127.0.0.1] - 
2026-04-20 15:21:21 - bank_user - INFO - [admin] 登录成功 [IP: 127.0.0.1] - User-Agent: Mozilla/5.0 (Windows NT 10.0; Win64; x64) AppleWeb
2026-04-20 15:21:21 - bank_app - INFO - 用户登录: admin from 127.0.0.1
2026-04-20 15:21:34 - bank_transaction - INFO - [6228245199391350] 存款: ¥33333.00, 余额: ¥300808.00, 结果: 成功
2026-04-20 15:21:34 - bank_user - INFO - [admin] 存款 [IP: 127.0.0.1] - 账户: 6228245199391350, 金额: ¥33333.0
2026-04-20 15:27:12 - bank_user - INFO - [admin] 退出登录 [IP: 127.0.0.1] - 
2026-04-20 15:27:26 - bank_user - INFO - [lisi] 登录失败-密码错误 [IP: 127.0.0.1] - 
2026-04-20 15:27:30 - bank_user - INFO - [Tonghui] 登录成功 [IP: 127.0.0.1] - User-Agent: Mozilla/5.0 (Windows NT 10.0; Win64; x64) AppleWeb
2026-04-20 15:27:30 - bank_app - INFO - 用户登录: Tonghui from 127.0.0.1
2026-04-20 15:27:35 - bank_user - INFO - [Tonghui] 退出登录 [IP: 127.0.0.1] - 
2026-04-20 15:27:46 - bank_user - INFO - [lisi] 登录失败-密码错误 [IP: 127.0.0.1] - 
2026-04-20 15:30:20 - bank_user - INFO - [lisi] 登录失败-密码错误 [IP: 127.0.0.1] - 
2026-04-20 15:31:28 - bank_app - INFO - ==================================================
2026-04-20 15:31:28 - bank_app - INFO - 银行账户管理系统启动
2026-04-20 15:31:28 - bank_app - INFO - ==================================================
2026-04-20 15:31:28 - bank_app - INFO - 银行 演示银行 账户管理系统
2026-04-20 15:31:28 - bank_app - INFO - ==================================================
2026-04-20 15:31:28 - bank_app - INFO - 访问地址: http://localhost:8000
2026-04-20 15:31:28 - bank_app - INFO - API文档: http://localhost:8000/docs
2026-04-20 15:31:28 - bank_app - INFO - 默认账号: admin / admin123
2026-04-20 15:31:28 - bank_app - INFO - ==================================================
2026-04-20 15:31:53 - bank_user - INFO - [lisi] 登录失败-密码错误 [IP: 127.0.0.1] - 
2026-04-20 15:32:33 - bank_user - INFO - [lisi] 登录失败-密码错误 [IP: 127.0.0.1] - 
2026-04-20 15:33:55 - bank_user - INFO - [Tonghui] 登录成功 [IP: 127.0.0.1] - User-Agent: Mozilla/5.0 (Windows NT 10.0; Win64; x64) AppleWeb
2026-04-20 15:33:55 - bank_app - INFO - 用户登录: Tonghui from 127.0.0.1
2026-04-20 15:55:43 - bank_app - INFO - ==================================================
2026-04-20 15:55:43 - bank_app - INFO - 银行账户管理系统启动
2026-04-20 15:55:43 - bank_app - INFO - ==================================================
2026-04-20 15:55:43 - bank_app - INFO - 银行 演示银行 账户管理系统
2026-04-20 15:55:43 - bank_app - INFO - ==================================================
2026-04-20 15:55:43 - bank_app - INFO - 访问地址: http://localhost:8000
2026-04-20 15:55:43 - bank_app - INFO - API文档: http://localhost:8000/docs
2026-04-20 15:55:43 - bank_app - INFO - 默认账号: admin / admin123
2026-04-20 15:55:43 - bank_app - INFO - ==================================================
2026-04-20 15:58:38 - bank_transaction - INFO - [6228682981890759] 取款: ¥11111111.00, 余额: ¥988000000.00, 结果: 成功
2026-04-20 15:58:38 - bank_user - INFO - [Tonghui] 取款 [IP: 127.0.0.1] - 账户: 6228682981890759, 金额: ¥11111111.0
2026-04-20 16:02:21 - bank_user - INFO - [Tonghui] 退出登录 [IP: 127.0.0.1] - 
2026-04-20 16:02:35 - bank_user - INFO - [wangwu] 登录失败-密码错误 [IP: 127.0.0.1] - 
2026-04-20 16:03:48 - bank_user - INFO - [Tonghui] 登录成功 [IP: 127.0.0.1] - User-Agent: Mozilla/5.0 (Windows NT 10.0; Win64; x64) AppleWeb
2026-04-20 16:03:48 - bank_app - INFO - 用户登录: Tonghui from 127.0.0.1
2026-04-20 16:06:26 - bank_user - INFO - [Tonghui] 退出登录 [IP: 127.0.0.1] - 
2026-04-20 16:06:44 - bank_user - INFO - [wangwu] 登录失败-密码错误 [IP: 127.0.0.1] - 
2026-04-20 16:18:14 - bank_user - INFO - [Tonghui] 登录成功 [IP: 127.0.0.1] - User-Agent: Mozilla/5.0 (Windows NT 10.0; Win64; x64) AppleWeb
2026-04-20 16:18:14 - bank_app - INFO - 用户登录: Tonghui from 127.0.0.1
2026-04-20 16:18:23 - bank_app - INFO - ==================================================
2026-04-20 16:18:23 - bank_app - INFO - 银行账户管理系统启动
2026-04-20 16:18:23 - bank_app - INFO - ==================================================
2026-04-20 16:18:24 - bank_app - INFO - 银行 演示银行 账户管理系统
2026-04-20 16:18:24 - bank_app - INFO - ==================================================
2026-04-20 16:18:24 - bank_app - INFO - 访问地址: http://localhost:8000
2026-04-20 16:18:24 - bank_app - INFO - API文档: http://localhost:8000/docs
2026-04-20 16:18:24 - bank_app - INFO - 默认账号: admin / admin123
2026-04-20 16:18:24 - bank_app - INFO - ==================================================
2026-04-20 16:34:04 - bank_app - INFO - ==================================================
2026-04-20 16:34:04 - bank_app - INFO - 银行账户管理系统启动
2026-04-20 16:34:04 - bank_app - INFO - ==================================================
2026-04-20 16:34:05 - bank_app - INFO - 银行 演示银行 账户管理系统
2026-04-20 16:34:05 - bank_app - INFO - ==================================================
2026-04-20 16:34:05 - bank_app - INFO - 访问地址: http://localhost:8000
2026-04-20 16:34:05 - bank_app - INFO - API文档: http://localhost:8000/docs
2026-04-20 16:34:05 - bank_app - INFO - 默认账号: admin / admin123
2026-04-20 16:34:05 - bank_app - INFO - ==================================================
2026-04-20 16:34:11 - bank_user - INFO - [Tonghui] 退出登录 [IP: 127.0.0.1] - 
2026-04-20 16:34:17 - bank_user - INFO - [Tonghui] 登录成功 [IP: 127.0.0.1] - User-Agent: Mozilla/5.0 (Windows NT 10.0; Win64; x64) AppleWeb
2026-04-20 16:34:17 - bank_app - INFO - 用户登录: Tonghui from 127.0.0.1
2026-04-20 16:34:21 - bank_user - INFO - [Tonghui] 退出登录 [IP: 127.0.0.1] - 
2026-04-20 16:34:31 - bank_user - INFO - [lisi] 登录成功 [IP: 127.0.0.1] - User-Agent: Mozilla/5.0 (Windows NT 10.0; Win64; x64) AppleWeb
2026-04-20 16:34:31 - bank_app - INFO - 用户登录: lisi from 127.0.0.1
2026-04-20 16:51:45 - bank_app - INFO - ==================================================
2026-04-20 16:51:45 - bank_app - INFO - 银行账户管理系统启动
2026-04-20 16:51:45 - bank_app - INFO - ==================================================
2026-04-20 16:51:45 - bank_app - INFO - 银行 演示银行 账户管理系统
2026-04-20 16:51:45 - bank_app - INFO - ==================================================
2026-04-20 16:51:45 - bank_app - INFO - 访问地址: http://localhost:8000
2026-04-20 16:51:45 - bank_app - INFO - API文档: http://localhost:8000/docs
2026-04-20 16:51:45 - bank_app - INFO - 默认账号: admin / admin123
2026-04-20 16:51:45 - bank_app - INFO - ==================================================
2026-04-20 17:00:55 - bank_transaction - INFO - [622800000003] 存款: ¥200000.00, 余额: ¥280000.00, 结果: 成功
2026-04-20 17:00:55 - bank_user - INFO - [lisi] 存款 [IP: 127.0.0.1] - 账户: 622800000003, 金额: ¥200000.0
2026-04-20 17:01:07 - bank_transaction - INFO - [622800000003] 取款: ¥3000.00, 余额: ¥277000.00, 结果: 成功
2026-04-20 17:01:07 - bank_user - INFO - [lisi] 取款 [IP: 127.0.0.1] - 账户: 622800000003, 金额: ¥3000.0
2026-04-20 19:07:29 - bank_user - INFO - [Tonghui] 登录成功 [IP: 127.0.0.1] - User-Agent: Mozilla/5.0 (Windows NT 10.0; Win64; x64) AppleWeb
2026-04-20 19:07:29 - bank_app - INFO - 用户登录: Tonghui from 127.0.0.1
2026-04-20 19:10:24 - bank_app - INFO - ==================================================
2026-04-20 19:10:24 - bank_app - INFO - 银行账户管理系统启动
2026-04-20 19:10:24 - bank_app - INFO - ==================================================
2026-04-20 19:10:24 - bank_app - INFO - 银行 演示银行 账户管理系统
2026-04-20 19:10:24 - bank_app - INFO - ==================================================
2026-04-20 19:10:24 - bank_app - INFO - 访问地址: http://localhost:8000
2026-04-20 19:10:24 - bank_app - INFO - API文档: http://localhost:8000/docs
2026-04-20 19:10:24 - bank_app - INFO - 默认账号: admin / admin123
2026-04-20 19:10:24 - bank_app - INFO - ==================================================
2026-04-20 19:10:33 - bank_app - INFO - ==================================================
2026-04-20 19:10:33 - bank_app - INFO - 银行账户管理系统启动
2026-04-20 19:10:33 - bank_app - INFO - ==================================================
2026-04-20 19:10:34 - bank_app - INFO - 银行 演示银行 账户管理系统
2026-04-20 19:10:34 - bank_app - INFO - ==================================================
2026-04-20 19:10:34 - bank_app - INFO - 访问地址: http://localhost:8000
2026-04-20 19:10:34 - bank_app - INFO - API文档: http://localhost:8000/docs
2026-04-20 19:10:34 - bank_app - INFO - 默认账号: admin / admin123
2026-04-20 19:10:34 - bank_app - INFO - ==================================================
2026-04-20 19:12:03 - bank_app - INFO - ==================================================
2026-04-20 19:12:03 - bank_app - INFO - 银行账户管理系统启动
2026-04-20 19:12:03 - bank_app - INFO - ==================================================
2026-04-20 19:12:03 - bank_app - INFO - 银行 演示银行 账户管理系统
2026-04-20 19:12:03 - bank_app - INFO - ==================================================
2026-04-20 19:12:03 - bank_app - INFO - 访问地址: http://localhost:8000
2026-04-20 19:12:03 - bank_app - INFO - API文档: http://localhost:8000/docs
2026-04-20 19:12:03 - bank_app - INFO - 默认账号: admin / admin123
2026-04-20 19:12:03 - bank_app - INFO - ==================================================
2026-04-20 19:13:29 - bank_app - INFO - ==================================================
2026-04-20 19:13:29 - bank_app - INFO - 银行账户管理系统启动
2026-04-20 19:13:29 - bank_app - INFO - ==================================================
2026-04-20 19:13:29 - bank_app - INFO - 银行 演示银行 账户管理系统
2026-04-20 19:13:29 - bank_app - INFO - ==================================================
2026-04-20 19:13:29 - bank_app - INFO - 访问地址: http://localhost:8000
2026-04-20 19:13:29 - bank_app - INFO - API文档: http://localhost:8000/docs
2026-04-20 19:13:29 - bank_app - INFO - 默认账号: admin / admin123
2026-04-20 19:13:29 - bank_app - INFO - ==================================================
2026-04-20 19:14:42 - bank_app - INFO - ==================================================
2026-04-20 19:14:42 - bank_app - INFO - 银行账户管理系统启动
2026-04-20 19:14:42 - bank_app - INFO - ==================================================
2026-04-20 19:14:42 - bank_app - INFO - 银行 演示银行 账户管理系统
2026-04-20 19:14:42 - bank_app - INFO - ==================================================
2026-04-20 19:14:42 - bank_app - INFO - 访问地址: http://localhost:8000
2026-04-20 19:14:42 - bank_app - INFO - API文档: http://localhost:8000/docs
2026-04-20 19:14:42 - bank_app - INFO - 默认账号: admin / admin123
2026-04-20 19:14:42 - bank_app - INFO - ==================================================
2026-04-20 19:16:13 - bank_user - INFO - [Tonghui] 退出登录 [IP: 127.0.0.1] - 
2026-04-20 19:17:12 - bank_app - INFO - ==================================================
2026-04-20 19:17:12 - bank_app - INFO - 银行账户管理系统启动
2026-04-20 19:17:12 - bank_app - INFO - ==================================================
2026-04-20 19:17:12 - bank_app - INFO - 银行 演示银行 账户管理系统
2026-04-20 19:17:12 - bank_app - INFO - ==================================================
2026-04-20 19:17:12 - bank_app - INFO - 访问地址: http://localhost:8000
2026-04-20 19:17:12 - bank_app - INFO - API文档: http://localhost:8000/docs
2026-04-20 19:17:12 - bank_app - INFO - 默认账号: admin / admin123
2026-04-20 19:17:12 - bank_app - INFO - ==================================================
2026-04-20 19:17:24 - bank_user - INFO - [Tonghui] 登录成功 [IP: 127.0.0.1] - User-Agent: Mozilla/5.0 (Windows NT 10.0; Win64; x64) AppleWeb
2026-04-20 19:17:24 - bank_app - INFO - 用户登录: Tonghui from 127.0.0.1
2026-04-20 19:17:38 - bank_user - INFO - [Tonghui] 退出登录 [IP: 127.0.0.1] - 
2026-04-20 19:17:47 - bank_user - INFO - [lisi] 登录成功 [IP: 127.0.0.1] - User-Agent: Mozilla/5.0 (Windows NT 10.0; Win64; x64) AppleWeb
2026-04-20 19:17:47 - bank_app - INFO - 用户登录: lisi from 127.0.0.1
2026-04-20 19:30:07 - bank_app - INFO - ==================================================
2026-04-20 19:30:07 - bank_app - INFO - 银行账户管理系统启动
2026-04-20 19:30:07 - bank_app - INFO - ==================================================
2026-04-20 19:30:07 - bank_app - INFO - 银行 演示银行 账户管理系统
2026-04-20 19:30:07 - bank_app - INFO - ==================================================
2026-04-20 19:30:07 - bank_app - INFO - 访问地址: http://localhost:8000
2026-04-20 19:30:07 - bank_app - INFO - API文档: http://localhost:8000/docs
2026-04-20 19:30:07 - bank_app - INFO - 默认账号: admin / admin123
2026-04-20 19:30:07 - bank_app - INFO - ==================================================
2026-04-20 19:33:37 - bank_app - INFO - ==================================================
2026-04-20 19:33:37 - bank_app - INFO - 银行账户管理系统启动
2026-04-20 19:33:37 - bank_app - INFO - ==================================================
2026-04-20 19:33:37 - bank_app - INFO - 银行 演示银行 账户管理系统
2026-04-20 19:33:37 - bank_app - INFO - ==================================================
2026-04-20 19:33:37 - bank_app - INFO - 访问地址: http://localhost:8000
2026-04-20 19:33:37 - bank_app - INFO - API文档: http://localhost:8000/docs
2026-04-20 19:33:37 - bank_app - INFO - 默认账号: admin / admin123
2026-04-20 19:33:37 - bank_app - INFO - ==================================================
2026-04-20 19:36:59 - bank_app - INFO - ==================================================
2026-04-20 19:36:59 - bank_app - INFO - 银行账户管理系统启动
2026-04-20 19:36:59 - bank_app - INFO - ==================================================
2026-04-20 19:37:00 - bank_app - INFO - 银行 演示银行 账户管理系统
2026-04-20 19:37:00 - bank_app - INFO - ==================================================
2026-04-20 19:37:00 - bank_app - INFO - 访问地址: http://localhost:8000
2026-04-20 19:37:00 - bank_app - INFO - API文档: http://localhost:8000/docs
2026-04-20 19:37:00 - bank_app - INFO - 默认账号: admin / admin123
2026-04-20 19:37:00 - bank_app - INFO - ==================================================
2026-04-20 19:43:12 - bank_app - INFO - ==================================================
2026-04-20 19:43:12 - bank_app - INFO - 银行账户管理系统启动
2026-04-20 19:43:12 - bank_app - INFO - ==================================================
2026-04-20 19:45:18 - bank_app - INFO - ==================================================
2026-04-20 19:45:18 - bank_app - INFO - 银行账户管理系统启动
2026-04-20 19:45:18 - bank_app - INFO - ==================================================
2026-04-20 19:45:18 - bank_app - INFO - 银行 演示银行 账户管理系统
2026-04-20 19:45:18 - bank_app - INFO - ==================================================
2026-04-20 19:45:18 - bank_app - INFO - 访问地址: http://localhost:8000
2026-04-20 19:45:18 - bank_app - INFO - API文档: http://localhost:8000/docs
2026-04-20 19:45:18 - bank_app - INFO - 默认账号: admin / admin123
2026-04-20 19:45:18 - bank_app - INFO - ==================================================
2026-04-20 19:51:30 - bank_app - INFO - ==================================================
2026-04-20 19:51:30 - bank_app - INFO - 银行账户管理系统启动
2026-04-20 19:51:30 - bank_app - INFO - ==================================================
2026-04-20 19:51:31 - bank_app - INFO - 银行 演示银行 账户管理系统
2026-04-20 19:51:31 - bank_app - INFO - ==================================================
2026-04-20 19:51:31 - bank_app - INFO - 访问地址: http://localhost:8000
2026-04-20 19:51:31 - bank_app - INFO - API文档: http://localhost:8000/docs
2026-04-20 19:51:31 - bank_app - INFO - 默认账号: admin / admin123
2026-04-20 19:51:31 - bank_app - INFO - ==================================================
2026-04-20 19:56:46 - bank_app - INFO - ==================================================
2026-04-20 19:56:46 - bank_app - INFO - 银行账户管理系统启动
2026-04-20 19:56:46 - bank_app - INFO - ==================================================
2026-04-20 19:56:46 - bank_app - INFO - 银行 演示银行 账户管理系统
2026-04-20 19:56:46 - bank_app - INFO - ==================================================
2026-04-20 19:56:46 - bank_app - INFO - 访问地址: http://localhost:8000
2026-04-20 19:56:46 - bank_app - INFO - API文档: http://localhost:8000/docs
2026-04-20 19:56:46 - bank_app - INFO - 默认账号: admin / admin123
2026-04-20 19:56:46 - bank_app - INFO - ==================================================
2026-04-20 20:00:32 - bank_user - INFO - [lisi] 退出登录 [IP: 127.0.0.1] - 
2026-04-20 20:00:34 - bank_user - INFO - [Tonghui] 登录成功 [IP: 127.0.0.1] - User-Agent: Mozilla/5.0 (Windows NT 10.0; Win64; x64) AppleWeb
2026-04-20 20:00:34 - bank_app - INFO - 用户登录: Tonghui from 127.0.0.1
2026-04-20 20:14:46 - bank_app - INFO - ==================================================
2026-04-20 20:14:46 - bank_app - INFO - 银行账户管理系统启动
2026-04-20 20:14:46 - bank_app - INFO - ==================================================
2026-04-20 20:14:46 - bank_app - INFO - 银行 演示银行 账户管理系统
2026-04-20 20:14:46 - bank_app - INFO - ==================================================
2026-04-20 20:14:46 - bank_app - INFO - 访问地址: http://localhost:8000
2026-04-20 20:14:46 - bank_app - INFO - API文档: http://localhost:8000/docs
2026-04-20 20:14:46 - bank_app - INFO - 默认账号: admin / admin123
2026-04-20 20:14:46 - bank_app - INFO - ==================================================
2026-04-20 20:15:04 - bank_user - INFO - [Tonghui] 退出登录 [IP: 127.0.0.1] - 
2026-04-20 20:15:15 - bank_user - INFO - [admin] 登录失败-密码错误 [IP: 127.0.0.1] - 
2026-04-20 20:15:28 - bank_user - INFO - [admin] 登录成功 [IP: 127.0.0.1] - User-Agent: Mozilla/5.0 (Windows NT 10.0; Win64; x64) AppleWeb
2026-04-20 20:15:28 - bank_app - INFO - 用户登录: admin from 127.0.0.1
2026-04-20 20:19:43 - bank_user - INFO - [admin] 退出登录 [IP: 127.0.0.1] - 
2026-04-20 20:19:50 - bank_user - INFO - [Tonghui] 登录成功 [IP: 127.0.0.1] - User-Agent: Mozilla/5.0 (Windows NT 10.0; Win64; x64) AppleWeb
2026-04-20 20:19:50 - bank_app - INFO - 用户登录: Tonghui from 127.0.0.1
2026-04-20 20:31:51 - bank_app - INFO - ==================================================
2026-04-20 20:31:51 - bank_app - INFO - 银行账户管理系统启动
2026-04-20 20:31:51 - bank_app - INFO - ==================================================
2026-04-20 20:31:51 - bank_app - INFO - 银行 演示银行 账户管理系统
2026-04-20 20:31:51 - bank_app - INFO - ==================================================
2026-04-20 20:31:51 - bank_app - INFO - 访问地址: http://localhost:8000
2026-04-20 20:31:51 - bank_app - INFO - API文档: http://localhost:8000/docs
2026-04-20 20:31:51 - bank_app - INFO - 默认账号: admin / admin123
2026-04-20 20:31:51 - bank_app - INFO - ==================================================
2026-04-20 20:39:10 - bank_user - INFO - [Tonghui] 退出登录 [IP: 127.0.0.1] - 
2026-04-20 20:39:52 - bank_user - INFO - [admin] 登录成功 [IP: 127.0.0.1] - User-Agent: Mozilla/5.0 (Windows NT 10.0; Win64; x64) AppleWeb
2026-04-20 20:39:52 - bank_app - INFO - 用户登录: admin from 127.0.0.1
2026-04-20 21:57:12 - bank_app - INFO - ==================================================
2026-04-20 21:57:12 - bank_app - INFO - 银行账户管理系统启动
2026-04-20 21:57:12 - bank_app - INFO - ==================================================
2026-04-20 21:57:12 - bank_app - INFO - 银行 演示银行 账户管理系统
2026-04-20 21:57:12 - bank_app - INFO - ==================================================
2026-04-20 21:57:12 - bank_app - INFO - 访问地址: http://localhost:8000
2026-04-20 21:57:12 - bank_app - INFO - API文档: http://localhost:8000/docs
2026-04-20 21:57:12 - bank_app - INFO - 默认账号: admin / admin123
2026-04-20 21:57:12 - bank_app - INFO - ==================================================
2026-04-20 21:57:32 - bank_user - INFO - [admin] 登录成功 [IP: 127.0.0.1] - User-Agent: Mozilla/5.0 (Windows NT 10.0; Win64; x64) AppleWeb
2026-04-20 21:57:32 - bank_app - INFO - 用户登录: admin from 127.0.0.1
