2026-04-18 11:46:16 - bank_app - INFO - ==================================================
2026-04-18 11:46:16 - bank_app - INFO - 银行账户管理系统启动
2026-04-18 11:46:16 - bank_app - INFO - ==================================================
2026-04-18 11:47:03 - bank_app - INFO - ==================================================
2026-04-18 11:47:03 - bank_app - INFO - 银行账户管理系统启动
2026-04-18 11:47:03 - bank_app - INFO - ==================================================
2026-04-18 11:47:03 - bank_app - INFO - 银行 演示银行 账户管理系统
2026-04-18 11:47:03 - bank_app - INFO - ==================================================
2026-04-18 11:47:03 - bank_app - INFO - 访问地址: http://localhost:8000
2026-04-18 11:47:03 - bank_app - INFO - API文档: http://localhost:8000/docs
2026-04-18 11:47:03 - bank_app - INFO - 默认账号: admin / admin123
2026-04-18 11:47:03 - bank_app - INFO - ==================================================
2026-04-18 11:51:05 - bank_transaction - INFO - [6228805875098455] 取款: ¥99999.00, 余额: ¥8788889.00, 结果: 成功
2026-04-18 11:51:05 - bank_user - INFO - [yang] 取款 [IP: 127.0.0.1] - 账户: 6228805875098455, 金额: ¥99999.0
2026-04-18 11:58:59 - bank_app - INFO - ==================================================
2026-04-18 11:58:59 - bank_app - INFO - 银行账户管理系统启动
2026-04-18 11:58:59 - bank_app - INFO - ==================================================
2026-04-18 11:59:00 - bank_app - INFO - 银行 演示银行 账户管理系统
2026-04-18 11:59:00 - bank_app - INFO - ==================================================
2026-04-18 11:59:00 - bank_app - INFO - 访问地址: http://localhost:8000
2026-04-18 11:59:00 - bank_app - INFO - API文档: http://localhost:8000/docs
2026-04-18 11:59:00 - bank_app - INFO - 默认账号: admin / admin123
2026-04-18 11:59:00 - bank_app - INFO - ==================================================
2026-04-18 12:02:10 - bank_app - INFO - ==================================================
2026-04-18 12:02:10 - bank_app - INFO - 银行账户管理系统启动
2026-04-18 12:02:10 - bank_app - INFO - ==================================================
2026-04-18 12:02:10 - bank_app - INFO - 银行 演示银行 账户管理系统
2026-04-18 12:02:10 - bank_app - INFO - ==================================================
2026-04-18 12:02:10 - bank_app - INFO - 访问地址: http://localhost:8000
2026-04-18 12:02:10 - bank_app - INFO - API文档: http://localhost:8000/docs
2026-04-18 12:02:10 - bank_app - INFO - 默认账号: admin / admin123
2026-04-18 12:02:10 - bank_app - INFO - ==================================================
