2026-04-29 10:59:20 - bank_app - INFO - ==================================================
2026-04-29 10:59:20 - bank_app - INFO - 银行账户管理系统启动
2026-04-29 10:59:20 - bank_app - INFO - ==================================================
2026-04-29 10:59:24 - bank_app - INFO - 银行 演示银行 账户管理系统
2026-04-29 10:59:24 - bank_app - INFO - ==================================================
2026-04-29 10:59:24 - bank_app - INFO - 访问地址: http://localhost:8080
2026-04-29 10:59:24 - bank_app - INFO - API文档: http://localhost:8080/docs
2026-04-29 10:59:24 - bank_app - INFO - 默认账号: admin / admin123
2026-04-29 10:59:24 - bank_app - INFO - ==================================================
2026-04-29 11:01:24 - bank_user - INFO - [admin] 登录成功 [IP: 127.0.0.1] - User-Agent: Mozilla/5.0 (Windows NT 10.0; Win64; x64) AppleWeb
2026-04-29 11:01:24 - bank_app - INFO - 用户登录: admin from 127.0.0.1
2026-04-29 11:04:08 - bank_app - INFO - ==================================================
2026-04-29 11:04:08 - bank_app - INFO - 银行账户管理系统启动
2026-04-29 11:04:08 - bank_app - INFO - ==================================================
2026-04-29 11:04:09 - bank_app - INFO - 银行 演示银行 账户管理系统
2026-04-29 11:04:09 - bank_app - INFO - ==================================================
2026-04-29 11:04:09 - bank_app - INFO - 访问地址: http://localhost:8080
2026-04-29 11:04:09 - bank_app - INFO - API文档: http://localhost:8080/docs
2026-04-29 11:04:09 - bank_app - INFO - 默认账号: admin / admin123
2026-04-29 11:04:09 - bank_app - INFO - ==================================================
2026-04-29 11:06:52 - bank_app - INFO - ==================================================
2026-04-29 11:06:52 - bank_app - INFO - 银行账户管理系统启动
2026-04-29 11:06:52 - bank_app - INFO - ==================================================
2026-04-29 11:06:53 - bank_app - INFO - 银行 演示银行 账户管理系统
2026-04-29 11:06:53 - bank_app - INFO - ==================================================
2026-04-29 11:06:53 - bank_app - INFO - 访问地址: http://localhost:8080
2026-04-29 11:06:53 - bank_app - INFO - API文档: http://localhost:8080/docs
2026-04-29 11:06:53 - bank_app - INFO - 默认账号: admin / admin123
2026-04-29 11:06:53 - bank_app - INFO - ==================================================
2026-04-29 11:09:30 - bank_app - INFO - ==================================================
2026-04-29 11:09:30 - bank_app - INFO - 银行账户管理系统启动
2026-04-29 11:09:30 - bank_app - INFO - ==================================================
2026-04-29 11:09:31 - bank_app - INFO - 银行 演示银行 账户管理系统
2026-04-29 11:09:31 - bank_app - INFO - ==================================================
2026-04-29 11:09:31 - bank_app - INFO - 访问地址: http://localhost:8080
2026-04-29 11:09:31 - bank_app - INFO - API文档: http://localhost:8080/docs
2026-04-29 11:09:31 - bank_app - INFO - 默认账号: admin / admin123
2026-04-29 11:09:31 - bank_app - INFO - ==================================================
2026-04-29 11:11:32 - bank_app - INFO - ==================================================
2026-04-29 11:11:32 - bank_app - INFO - 银行账户管理系统启动
2026-04-29 11:11:32 - bank_app - INFO - ==================================================
2026-04-29 11:11:33 - bank_app - INFO - 银行 演示银行 账户管理系统
2026-04-29 11:11:33 - bank_app - INFO - ==================================================
2026-04-29 11:11:33 - bank_app - INFO - 访问地址: http://localhost:8080
2026-04-29 11:11:33 - bank_app - INFO - API文档: http://localhost:8080/docs
2026-04-29 11:11:33 - bank_app - INFO - 默认账号: admin / admin123
2026-04-29 11:11:33 - bank_app - INFO - ==================================================
2026-04-29 11:11:51 - bank_user - INFO - [admin] 退出登录 [IP: 127.0.0.1] - 
2026-04-29 11:11:52 - bank_user - INFO - [admin] 登录成功 [IP: 127.0.0.1] - User-Agent: Mozilla/5.0 (Windows NT 10.0; Win64; x64) AppleWeb
2026-04-29 11:11:52 - bank_app - INFO - 用户登录: admin from 127.0.0.1
2026-04-29 11:12:55 - bank_app - INFO - ==================================================
2026-04-29 11:12:55 - bank_app - INFO - 银行账户管理系统启动
2026-04-29 11:12:55 - bank_app - INFO - ==================================================
2026-04-29 11:12:56 - bank_app - INFO - 银行 演示银行 账户管理系统
2026-04-29 11:12:56 - bank_app - INFO - ==================================================
2026-04-29 11:12:56 - bank_app - INFO - 访问地址: http://localhost:8080
2026-04-29 11:12:56 - bank_app - INFO - API文档: http://localhost:8080/docs
2026-04-29 11:12:56 - bank_app - INFO - 默认账号: admin / admin123
2026-04-29 11:12:56 - bank_app - INFO - ==================================================
2026-04-29 11:13:28 - bank_app - INFO - ==================================================
2026-04-29 11:13:28 - bank_app - INFO - 银行账户管理系统启动
2026-04-29 11:13:28 - bank_app - INFO - ==================================================
2026-04-29 11:13:29 - bank_app - INFO - 银行 演示银行 账户管理系统
2026-04-29 11:13:29 - bank_app - INFO - ==================================================
2026-04-29 11:13:29 - bank_app - INFO - 访问地址: http://localhost:8080
2026-04-29 11:13:29 - bank_app - INFO - API文档: http://localhost:8080/docs
2026-04-29 11:13:29 - bank_app - INFO - 默认账号: admin / admin123
2026-04-29 11:13:29 - bank_app - INFO - ==================================================
